<?xml version="1.0" encoding="UTF-8"?>
<testng-results skipped="0" failed="0" total="2" passed="2">
  <reporter-output>
  </reporter-output>
  <suite name="TestNgMavenAutomatedTestStart" duration-ms="18" started-at="2017-08-29T04:26:33Z" finished-at="2017-08-29T04:26:33Z">
    <groups>
    </groups>
    <test name="TestNgMavenTest" duration-ms="18" started-at="2017-08-29T04:26:33Z" finished-at="2017-08-29T04:26:33Z">
      <class name="com.ngs.test.TestNGExampleTest">
        <test-method status="PASS" signature="testPrintMessage()[pri:0, instance:com.ngs.test.TestNGExampleTest@5dfcfece]" name="testPrintMessage" duration-ms="7" started-at="2017-08-29T09:56:33Z" finished-at="2017-08-29T09:56:33Z">
          <reporter-output>
          </reporter-output>
        </test-method> <!-- testPrintMessage -->
      </class> <!-- com.ngs.test.TestNGExampleTest -->
    </test> <!-- TestNgMavenTest -->
  </suite> <!-- TestNgMavenAutomatedTestStart -->
  <suite name="Sprint-1 test suite" duration-ms="0" started-at="2017-08-29T04:26:33Z" finished-at="2017-08-29T04:26:33Z">
    <groups>
    </groups>
    <test name="Patient Registration" duration-ms="0" started-at="2017-08-29T04:26:33Z" finished-at="2017-08-29T04:26:33Z">
    </test> <!-- Patient Registration -->
  </suite> <!-- Sprint-1 test suite -->
  <suite name="Sprint 2 test cases" duration-ms="1" started-at="2017-08-29T04:26:33Z" finished-at="2017-08-29T04:26:33Z">
    <groups>
    </groups>
    <test name="Consultation" duration-ms="1" started-at="2017-08-29T04:26:33Z" finished-at="2017-08-29T04:26:33Z">
      <class name="com.ngs.test.TestNGExampleTest">
        <test-method status="PASS" signature="testPrintMessage()[pri:0, instance:com.ngs.test.TestNGExampleTest@4b9e13df]" name="testPrintMessage" duration-ms="0" started-at="2017-08-29T09:56:33Z" finished-at="2017-08-29T09:56:33Z">
          <reporter-output>
          </reporter-output>
        </test-method> <!-- testPrintMessage -->
      </class> <!-- com.ngs.test.TestNGExampleTest -->
    </test> <!-- Consultation -->
  </suite> <!-- Sprint 2 test cases -->
</testng-results>
